<?xml version="1.0" encoding="UTF-8"?>
<!DOCTYPE mapper
  PUBLIC "-//mybatis.org//DTD Mapper 3.0//EN"
  "http://mybatis.org/dtd/mybatis-3-mapper.dtd">

  
  <mapper namespace="profile" >
  
  <select id="recipe" resultType="java.util.HashMap">
  select * from post where write_id = #{writerId} 
  </select>
  
  
  
  
  
  </mapper>